Release 14.7 Map P.20131013 (nt64)
Xilinx Mapping Report File for Design 'controlUnit'

Design Information
------------------
Command Line   : map -intstyle ise -p xc3s700an-fgg484-4 -cm area -ir off -pr
off -c 100 -o controlUnit_map.ncd controlUnit.ngd controlUnit.pcf 
Target Device  : xc3s700an
Target Package : fgg484
Target Speed   : -4
Mapper Version : spartan3a -- $Revision: 1.55 $
Mapped Date    : Mon Sep 14 10:03:47 2015

Design Summary
--------------
Number of errors:      0
Number of warnings:   70
Logic Utilization:
  Total Number Slice Registers:         612 out of  11,776    5%
    Number used as Flip Flops:          423
    Number used as Latches:             189
  Number of 4 input LUTs:               816 out of  11,776    6%
Logic Distribution:
  Number of occupied Slices:            674 out of   5,888   11%
    Number of Slices containing only related logic:     674 out of     674 100%
    Number of Slices containing unrelated logic:          0 out of     674   0%
      *See NOTES below for an explanation of the effects of unrelated logic.
  Total Number of 4 input LUTs:         945 out of  11,776    8%
    Number used as logic:               789
    Number used as a route-thru:        129
    Number used for Dual Port RAMs:      16
      (Two LUTs used per Dual Port RAM)
    Number used as Shift registers:      11

  The Slice Logic Distribution report is not meaningful if the design is
  over-mapped for a non-slice resource or if Placement fails.

  Number of bonded IOBs:                 18 out of     372    4%
  Number of BUFGMUXs:                     2 out of      24    8%
  Number of MULT18X18SIOs:                1 out of      20    5%
  Number of RAMB16BWEs:                   1 out of      20    5%

Average Fanout of Non-Clock Nets:                3.05

Peak Memory Usage:  328 MB
Total REAL time to MAP completion:  6 secs 
Total CPU time to MAP completion:   6 secs 

NOTES:

   Related logic is defined as being logic that shares connectivity - e.g. two
   LUTs are "related" if they share common inputs.  When assembling slices,
   Map gives priority to combine logic that is related.  Doing so results in
   the best timing performance.

   Unrelated logic shares no connectivity.  Map will only begin packing
   unrelated logic into a slice once 99% of the slices are occupied through
   related logic packing.

   Note that once logic distribution reaches the 99% level through related
   logic packing, this does not mean the device is completely utilized.
   Unrelated logic packing will then begin, continuing until all usable LUTs
   and FFs are occupied.  Depending on your timing budget, increased levels of
   unrelated logic packing may adversely affect the overall timing performance
   of your design.

Table of Contents
-----------------
Section 1 - Errors
Section 2 - Warnings
Section 3 - Informational
Section 4 - Removed Logic Summary
Section 5 - Removed Logic
Section 6 - IOB Properties
Section 7 - RPMs
Section 8 - Guide Report
Section 9 - Area Group and Partition Summary
Section 10 - Timing Report
Section 11 - Configuration String Information
Section 12 - Control Set Information
Section 13 - Utilization by Hierarchy

Section 1 - Errors
------------------

Section 2 - Warnings
--------------------
WARNING:Pack:249 - The following adjacent carry multiplexers occupy different
   slice components.  The resulting carry chain will have suboptimal timing.
   	IO_module/LCD/Mcompar_cur_state_cmp_lt0000_cy<8>
   	IO_module/LCD/Mcount_i1_cy<0>
WARNING:PhysDesignRules:372 - Gated clock. Clock net
   IO_module/encoder1/Hex_not0001 is sourced by a combinatorial pin. This is not
   good design practice. Use the CE pin to control the loading of data into the
   flip-flop.
WARNING:PhysDesignRules:372 - Gated clock. Clock net
   ALU_logic/ALU/DeMux1/Out11_cmp_eq0000 is sourced by a combinatorial pin. This
   is not good design practice. Use the CE pin to control the loading of data
   into the flip-flop.
WARNING:PhysDesignRules:372 - Gated clock. Clock net
   ALU_logic/ALU/MUX/Out_not0001 is sourced by a combinatorial pin. This is not
   good design practice. Use the CE pin to control the loading of data into the
   flip-flop.
WARNING:PhysDesignRules:372 - Gated clock. Clock net
   IO_module/encoder2/Hex_not0001 is sourced by a combinatorial pin. This is not
   good design practice. Use the CE pin to control the loading of data into the
   flip-flop.
WARNING:PhysDesignRules:372 - Gated clock. Clock net
   ALU_logic/ALU/DeMux1/Out12_cmp_eq0000 is sourced by a combinatorial pin. This
   is not good design practice. Use the CE pin to control the loading of data
   into the flip-flop.
WARNING:PhysDesignRules:372 - Gated clock. Clock net
   ALU_logic/ALU/DeMux1/Out10_cmp_eq0000 is sourced by a combinatorial pin. This
   is not good design practice. Use the CE pin to control the loading of data
   into the flip-flop.
WARNING:PhysDesignRules:372 - Gated clock. Clock net
   ALU_logic/ALU/DeMux1/Out5_cmp_eq0000 is sourced by a combinatorial pin. This
   is not good design practice. Use the CE pin to control the loading of data
   into the flip-flop.
WARNING:PhysDesignRules:372 - Gated clock. Clock net
   ALU_logic/ALU/DeMux1/Out13_cmp_eq0000 is sourced by a combinatorial pin. This
   is not good design practice. Use the CE pin to control the loading of data
   into the flip-flop.
WARNING:PhysDesignRules:372 - Gated clock. Clock net
   ALU_logic/ALU/DeMux1/Out6_cmp_eq0000 is sourced by a combinatorial pin. This
   is not good design practice. Use the CE pin to control the loading of data
   into the flip-flop.
WARNING:PhysDesignRules:372 - Gated clock. Clock net
   ALU_logic/ALU/DeMux1/Out4_cmp_eq0000 is sourced by a combinatorial pin. This
   is not good design practice. Use the CE pin to control the loading of data
   into the flip-flop.
WARNING:PhysDesignRules:372 - Gated clock. Clock net
   ALU_logic/ALU/DeMux1/Out7_cmp_eq0000 is sourced by a combinatorial pin. This
   is not good design practice. Use the CE pin to control the loading of data
   into the flip-flop.
WARNING:PhysDesignRules:372 - Gated clock. Clock net
   ALU_logic/ALU/DeMux1/Out9_cmp_eq0000 is sourced by a combinatorial pin. This
   is not good design practice. Use the CE pin to control the loading of data
   into the flip-flop.
WARNING:PhysDesignRules:372 - Gated clock. Clock net
   ALU_logic/ALU/DeMux1/Out1_cmp_eq0000 is sourced by a combinatorial pin. This
   is not good design practice. Use the CE pin to control the loading of data
   into the flip-flop.
WARNING:PhysDesignRules:372 - Gated clock. Clock net
   ALU_logic/ALU/DeMux1/Out0_not0001 is sourced by a combinatorial pin. This is
   not good design practice. Use the CE pin to control the loading of data into
   the flip-flop.
WARNING:PhysDesignRules:372 - Gated clock. Clock net
   ALU_logic/ALU/DeMux1/Out3_cmp_eq0000 is sourced by a combinatorial pin. This
   is not good design practice. Use the CE pin to control the loading of data
   into the flip-flop.
WARNING:PhysDesignRules:372 - Gated clock. Clock net
   ALU_logic/ALU/DeMux1/Out2_cmp_eq0000 is sourced by a combinatorial pin. This
   is not good design practice. Use the CE pin to control the loading of data
   into the flip-flop.
WARNING:PhysDesignRules:372 - Gated clock. Clock net
   ALU_logic/ALU/DeMux1/Out8_cmp_eq0000 is sourced by a combinatorial pin. This
   is not good design practice. Use the CE pin to control the loading of data
   into the flip-flop.
WARNING:PhysDesignRules:812 - Dangling pin <DOA2> on
   block:<MEMORY/U0/xst_blk_mem_generator/gnativebmg.native_blk_mem_gen/valid.cs
   tr/ramloop[0].ram.r/s3a_noinit.ram/spram.ram>:<RAMB16BWE_RAMB16BWE>.
WARNING:PhysDesignRules:812 - Dangling pin <DOA3> on
   block:<MEMORY/U0/xst_blk_mem_generator/gnativebmg.native_blk_mem_gen/valid.cs
   tr/ramloop[0].ram.r/s3a_noinit.ram/spram.ram>:<RAMB16BWE_RAMB16BWE>.
WARNING:PhysDesignRules:812 - Dangling pin <DOA4> on
   block:<MEMORY/U0/xst_blk_mem_generator/gnativebmg.native_blk_mem_gen/valid.cs
   tr/ramloop[0].ram.r/s3a_noinit.ram/spram.ram>:<RAMB16BWE_RAMB16BWE>.
WARNING:PhysDesignRules:812 - Dangling pin <DOA5> on
   block:<MEMORY/U0/xst_blk_mem_generator/gnativebmg.native_blk_mem_gen/valid.cs
   tr/ramloop[0].ram.r/s3a_noinit.ram/spram.ram>:<RAMB16BWE_RAMB16BWE>.
WARNING:PhysDesignRules:812 - Dangling pin <DOA6> on
   block:<MEMORY/U0/xst_blk_mem_generator/gnativebmg.native_blk_mem_gen/valid.cs
   tr/ramloop[0].ram.r/s3a_noinit.ram/spram.ram>:<RAMB16BWE_RAMB16BWE>.
WARNING:PhysDesignRules:812 - Dangling pin <DOA7> on
   block:<MEMORY/U0/xst_blk_mem_generator/gnativebmg.native_blk_mem_gen/valid.cs
   tr/ramloop[0].ram.r/s3a_noinit.ram/spram.ram>:<RAMB16BWE_RAMB16BWE>.
WARNING:PhysDesignRules:812 - Dangling pin <DOA9> on
   block:<MEMORY/U0/xst_blk_mem_generator/gnativebmg.native_blk_mem_gen/valid.cs
   tr/ramloop[0].ram.r/s3a_noinit.ram/spram.ram>:<RAMB16BWE_RAMB16BWE>.
WARNING:PhysDesignRules:812 - Dangling pin <DOA10> on
   block:<MEMORY/U0/xst_blk_mem_generator/gnativebmg.native_blk_mem_gen/valid.cs
   tr/ramloop[0].ram.r/s3a_noinit.ram/spram.ram>:<RAMB16BWE_RAMB16BWE>.
WARNING:PhysDesignRules:812 - Dangling pin <DOA11> on
   block:<MEMORY/U0/xst_blk_mem_generator/gnativebmg.native_blk_mem_gen/valid.cs
   tr/ramloop[0].ram.r/s3a_noinit.ram/spram.ram>:<RAMB16BWE_RAMB16BWE>.
WARNING:PhysDesignRules:812 - Dangling pin <DOA12> on
   block:<MEMORY/U0/xst_blk_mem_generator/gnativebmg.native_blk_mem_gen/valid.cs
   tr/ramloop[0].ram.r/s3a_noinit.ram/spram.ram>:<RAMB16BWE_RAMB16BWE>.
WARNING:PhysDesignRules:812 - Dangling pin <DOA13> on
   block:<MEMORY/U0/xst_blk_mem_generator/gnativebmg.native_blk_mem_gen/valid.cs
   tr/ramloop[0].ram.r/s3a_noinit.ram/spram.ram>:<RAMB16BWE_RAMB16BWE>.
WARNING:PhysDesignRules:812 - Dangling pin <DOA14> on
   block:<MEMORY/U0/xst_blk_mem_generator/gnativebmg.native_blk_mem_gen/valid.cs
   tr/ramloop[0].ram.r/s3a_noinit.ram/spram.ram>:<RAMB16BWE_RAMB16BWE>.
WARNING:PhysDesignRules:812 - Dangling pin <DOA15> on
   block:<MEMORY/U0/xst_blk_mem_generator/gnativebmg.native_blk_mem_gen/valid.cs
   tr/ramloop[0].ram.r/s3a_noinit.ram/spram.ram>:<RAMB16BWE_RAMB16BWE>.
WARNING:PhysDesignRules:812 - Dangling pin <DOA18> on
   block:<MEMORY/U0/xst_blk_mem_generator/gnativebmg.native_blk_mem_gen/valid.cs
   tr/ramloop[0].ram.r/s3a_noinit.ram/spram.ram>:<RAMB16BWE_RAMB16BWE>.
WARNING:PhysDesignRules:812 - Dangling pin <DOA19> on
   block:<MEMORY/U0/xst_blk_mem_generator/gnativebmg.native_blk_mem_gen/valid.cs
   tr/ramloop[0].ram.r/s3a_noinit.ram/spram.ram>:<RAMB16BWE_RAMB16BWE>.
WARNING:PhysDesignRules:812 - Dangling pin <DOA20> on
   block:<MEMORY/U0/xst_blk_mem_generator/gnativebmg.native_blk_mem_gen/valid.cs
   tr/ramloop[0].ram.r/s3a_noinit.ram/spram.ram>:<RAMB16BWE_RAMB16BWE>.
WARNING:PhysDesignRules:812 - Dangling pin <DOA21> on
   block:<MEMORY/U0/xst_blk_mem_generator/gnativebmg.native_blk_mem_gen/valid.cs
   tr/ramloop[0].ram.r/s3a_noinit.ram/spram.ram>:<RAMB16BWE_RAMB16BWE>.
WARNING:PhysDesignRules:812 - Dangling pin <DOA22> on
   block:<MEMORY/U0/xst_blk_mem_generator/gnativebmg.native_blk_mem_gen/valid.cs
   tr/ramloop[0].ram.r/s3a_noinit.ram/spram.ram>:<RAMB16BWE_RAMB16BWE>.
WARNING:PhysDesignRules:812 - Dangling pin <DOA23> on
   block:<MEMORY/U0/xst_blk_mem_generator/gnativebmg.native_blk_mem_gen/valid.cs
   tr/ramloop[0].ram.r/s3a_noinit.ram/spram.ram>:<RAMB16BWE_RAMB16BWE>.
WARNING:PhysDesignRules:812 - Dangling pin <DOA25> on
   block:<MEMORY/U0/xst_blk_mem_generator/gnativebmg.native_blk_mem_gen/valid.cs
   tr/ramloop[0].ram.r/s3a_noinit.ram/spram.ram>:<RAMB16BWE_RAMB16BWE>.
WARNING:PhysDesignRules:812 - Dangling pin <DOA26> on
   block:<MEMORY/U0/xst_blk_mem_generator/gnativebmg.native_blk_mem_gen/valid.cs
   tr/ramloop[0].ram.r/s3a_noinit.ram/spram.ram>:<RAMB16BWE_RAMB16BWE>.
WARNING:PhysDesignRules:812 - Dangling pin <DOA27> on
   block:<MEMORY/U0/xst_blk_mem_generator/gnativebmg.native_blk_mem_gen/valid.cs
   tr/ramloop[0].ram.r/s3a_noinit.ram/spram.ram>:<RAMB16BWE_RAMB16BWE>.
WARNING:PhysDesignRules:812 - Dangling pin <DOA28> on
   block:<MEMORY/U0/xst_blk_mem_generator/gnativebmg.native_blk_mem_gen/valid.cs
   tr/ramloop[0].ram.r/s3a_noinit.ram/spram.ram>:<RAMB16BWE_RAMB16BWE>.
WARNING:PhysDesignRules:812 - Dangling pin <DOA29> on
   block:<MEMORY/U0/xst_blk_mem_generator/gnativebmg.native_blk_mem_gen/valid.cs
   tr/ramloop[0].ram.r/s3a_noinit.ram/spram.ram>:<RAMB16BWE_RAMB16BWE>.
WARNING:PhysDesignRules:812 - Dangling pin <DOA30> on
   block:<MEMORY/U0/xst_blk_mem_generator/gnativebmg.native_blk_mem_gen/valid.cs
   tr/ramloop[0].ram.r/s3a_noinit.ram/spram.ram>:<RAMB16BWE_RAMB16BWE>.
WARNING:PhysDesignRules:812 - Dangling pin <DOA31> on
   block:<MEMORY/U0/xst_blk_mem_generator/gnativebmg.native_blk_mem_gen/valid.cs
   tr/ramloop[0].ram.r/s3a_noinit.ram/spram.ram>:<RAMB16BWE_RAMB16BWE>.
WARNING:PhysDesignRules:812 - Dangling pin <DOB2> on
   block:<MEMORY/U0/xst_blk_mem_generator/gnativebmg.native_blk_mem_gen/valid.cs
   tr/ramloop[0].ram.r/s3a_noinit.ram/spram.ram>:<RAMB16BWE_RAMB16BWE>.
WARNING:PhysDesignRules:812 - Dangling pin <DOB3> on
   block:<MEMORY/U0/xst_blk_mem_generator/gnativebmg.native_blk_mem_gen/valid.cs
   tr/ramloop[0].ram.r/s3a_noinit.ram/spram.ram>:<RAMB16BWE_RAMB16BWE>.
WARNING:PhysDesignRules:812 - Dangling pin <DOB4> on
   block:<MEMORY/U0/xst_blk_mem_generator/gnativebmg.native_blk_mem_gen/valid.cs
   tr/ramloop[0].ram.r/s3a_noinit.ram/spram.ram>:<RAMB16BWE_RAMB16BWE>.
WARNING:PhysDesignRules:812 - Dangling pin <DOB5> on
   block:<MEMORY/U0/xst_blk_mem_generator/gnativebmg.native_blk_mem_gen/valid.cs
   tr/ramloop[0].ram.r/s3a_noinit.ram/spram.ram>:<RAMB16BWE_RAMB16BWE>.
WARNING:PhysDesignRules:812 - Dangling pin <DOB6> on
   block:<MEMORY/U0/xst_blk_mem_generator/gnativebmg.native_blk_mem_gen/valid.cs
   tr/ramloop[0].ram.r/s3a_noinit.ram/spram.ram>:<RAMB16BWE_RAMB16BWE>.
WARNING:PhysDesignRules:812 - Dangling pin <DOB7> on
   block:<MEMORY/U0/xst_blk_mem_generator/gnativebmg.native_blk_mem_gen/valid.cs
   tr/ramloop[0].ram.r/s3a_noinit.ram/spram.ram>:<RAMB16BWE_RAMB16BWE>.
WARNING:PhysDesignRules:812 - Dangling pin <DOB9> on
   block:<MEMORY/U0/xst_blk_mem_generator/gnativebmg.native_blk_mem_gen/valid.cs
   tr/ramloop[0].ram.r/s3a_noinit.ram/spram.ram>:<RAMB16BWE_RAMB16BWE>.
WARNING:PhysDesignRules:812 - Dangling pin <DOB10> on
   block:<MEMORY/U0/xst_blk_mem_generator/gnativebmg.native_blk_mem_gen/valid.cs
   tr/ramloop[0].ram.r/s3a_noinit.ram/spram.ram>:<RAMB16BWE_RAMB16BWE>.
WARNING:PhysDesignRules:812 - Dangling pin <DOB11> on
   block:<MEMORY/U0/xst_blk_mem_generator/gnativebmg.native_blk_mem_gen/valid.cs
   tr/ramloop[0].ram.r/s3a_noinit.ram/spram.ram>:<RAMB16BWE_RAMB16BWE>.
WARNING:PhysDesignRules:812 - Dangling pin <DOB12> on
   block:<MEMORY/U0/xst_blk_mem_generator/gnativebmg.native_blk_mem_gen/valid.cs
   tr/ramloop[0].ram.r/s3a_noinit.ram/spram.ram>:<RAMB16BWE_RAMB16BWE>.
WARNING:PhysDesignRules:812 - Dangling pin <DOB13> on
   block:<MEMORY/U0/xst_blk_mem_generator/gnativebmg.native_blk_mem_gen/valid.cs
   tr/ramloop[0].ram.r/s3a_noinit.ram/spram.ram>:<RAMB16BWE_RAMB16BWE>.
WARNING:PhysDesignRules:812 - Dangling pin <DOB14> on
   block:<MEMORY/U0/xst_blk_mem_generator/gnativebmg.native_blk_mem_gen/valid.cs
   tr/ramloop[0].ram.r/s3a_noinit.ram/spram.ram>:<RAMB16BWE_RAMB16BWE>.
WARNING:PhysDesignRules:812 - Dangling pin <DOB15> on
   block:<MEMORY/U0/xst_blk_mem_generator/gnativebmg.native_blk_mem_gen/valid.cs
   tr/ramloop[0].ram.r/s3a_noinit.ram/spram.ram>:<RAMB16BWE_RAMB16BWE>.
WARNING:PhysDesignRules:812 - Dangling pin <DOB18> on
   block:<MEMORY/U0/xst_blk_mem_generator/gnativebmg.native_blk_mem_gen/valid.cs
   tr/ramloop[0].ram.r/s3a_noinit.ram/spram.ram>:<RAMB16BWE_RAMB16BWE>.
WARNING:PhysDesignRules:812 - Dangling pin <DOB19> on
   block:<MEMORY/U0/xst_blk_mem_generator/gnativebmg.native_blk_mem_gen/valid.cs
   tr/ramloop[0].ram.r/s3a_noinit.ram/spram.ram>:<RAMB16BWE_RAMB16BWE>.
WARNING:PhysDesignRules:812 - Dangling pin <DOB20> on
   block:<MEMORY/U0/xst_blk_mem_generator/gnativebmg.native_blk_mem_gen/valid.cs
   tr/ramloop[0].ram.r/s3a_noinit.ram/spram.ram>:<RAMB16BWE_RAMB16BWE>.
WARNING:PhysDesignRules:812 - Dangling pin <DOB21> on
   block:<MEMORY/U0/xst_blk_mem_generator/gnativebmg.native_blk_mem_gen/valid.cs
   tr/ramloop[0].ram.r/s3a_noinit.ram/spram.ram>:<RAMB16BWE_RAMB16BWE>.
WARNING:PhysDesignRules:812 - Dangling pin <DOB22> on
   block:<MEMORY/U0/xst_blk_mem_generator/gnativebmg.native_blk_mem_gen/valid.cs
   tr/ramloop[0].ram.r/s3a_noinit.ram/spram.ram>:<RAMB16BWE_RAMB16BWE>.
WARNING:PhysDesignRules:812 - Dangling pin <DOB23> on
   block:<MEMORY/U0/xst_blk_mem_generator/gnativebmg.native_blk_mem_gen/valid.cs
   tr/ramloop[0].ram.r/s3a_noinit.ram/spram.ram>:<RAMB16BWE_RAMB16BWE>.
WARNING:PhysDesignRules:812 - Dangling pin <DOB25> on
   block:<MEMORY/U0/xst_blk_mem_generator/gnativebmg.native_blk_mem_gen/valid.cs
   tr/ramloop[0].ram.r/s3a_noinit.ram/spram.ram>:<RAMB16BWE_RAMB16BWE>.
WARNING:PhysDesignRules:812 - Dangling pin <DOB26> on
   block:<MEMORY/U0/xst_blk_mem_generator/gnativebmg.native_blk_mem_gen/valid.cs
   tr/ramloop[0].ram.r/s3a_noinit.ram/spram.ram>:<RAMB16BWE_RAMB16BWE>.
WARNING:PhysDesignRules:812 - Dangling pin <DOB27> on
   block:<MEMORY/U0/xst_blk_mem_generator/gnativebmg.native_blk_mem_gen/valid.cs
   tr/ramloop[0].ram.r/s3a_noinit.ram/spram.ram>:<RAMB16BWE_RAMB16BWE>.
WARNING:PhysDesignRules:812 - Dangling pin <DOB28> on
   block:<MEMORY/U0/xst_blk_mem_generator/gnativebmg.native_blk_mem_gen/valid.cs
   tr/ramloop[0].ram.r/s3a_noinit.ram/spram.ram>:<RAMB16BWE_RAMB16BWE>.
WARNING:PhysDesignRules:812 - Dangling pin <DOB29> on
   block:<MEMORY/U0/xst_blk_mem_generator/gnativebmg.native_blk_mem_gen/valid.cs
   tr/ramloop[0].ram.r/s3a_noinit.ram/spram.ram>:<RAMB16BWE_RAMB16BWE>.
WARNING:PhysDesignRules:812 - Dangling pin <DOB30> on
   block:<MEMORY/U0/xst_blk_mem_generator/gnativebmg.native_blk_mem_gen/valid.cs
   tr/ramloop[0].ram.r/s3a_noinit.ram/spram.ram>:<RAMB16BWE_RAMB16BWE>.
WARNING:PhysDesignRules:812 - Dangling pin <DOB31> on
   block:<MEMORY/U0/xst_blk_mem_generator/gnativebmg.native_blk_mem_gen/valid.cs
   tr/ramloop[0].ram.r/s3a_noinit.ram/spram.ram>:<RAMB16BWE_RAMB16BWE>.

Section 3 - Informational
-------------------------
INFO:LIT:243 - Logical network IO_module/makecode/FIFO/Mram_array_reg7/SPO has
   no load.
INFO:LIT:395 - The above info message is repeated 7 more times for the following
   (max. 5 shown):
   IO_module/makecode/FIFO/Mram_array_reg6/SPO,
   IO_module/makecode/FIFO/Mram_array_reg8/SPO,
   IO_module/makecode/FIFO/Mram_array_reg5/SPO,
   IO_module/makecode/FIFO/Mram_array_reg4/SPO,
   IO_module/makecode/FIFO/Mram_array_reg3/SPO
   To see the details of these info messages, please use the -detail switch.
INFO:MapLib:562 - No environment variables are currently set.
INFO:MapLib:159 - Net Timing constraints on signal clk are pushed forward
   through input buffer.
INFO:LIT:244 - All of the single ended outputs in this design are using slew
   rate limited output drivers. The delay on speed critical single ended outputs
   can be dramatically reduced by designating them as fast outputs.

Section 4 - Removed Logic Summary
---------------------------------
  15 block(s) optimized away

Section 5 - Removed Logic
-------------------------

Optimized Block(s):
TYPE 		BLOCK
GND 		MEMORY/XST_GND
VCC 		MEMORY/XST_VCC
GND 		XST_GND
VCC 		XST_VCC

To enable printing of redundant blocks removed and signals merged, set the
detailed map report option and rerun map.

Section 6 - IOB Properties
--------------------------

+-------------------------------------------------------------------------------------------------------------------------------------------------------------------------------+
| IOB Name                           | Type             | Direction | IO Standard          | Diff  | Drive    | Slew    | Reg (s)      | Resistor | IBUF/IFD | SUSPEND          |
|                                    |                  |           |                      | Term  | Strength | Rate    |              |          | Delay    |                  |
+-------------------------------------------------------------------------------------------------------------------------------------------------------------------------------+
| LCD_DB<0>                          | IOB              | OUTPUT    | LVCMOS33             |       | 8        | SLOW    |              |          | 0 / 0    | 3STATE           |
| LCD_DB<1>                          | IOB              | OUTPUT    | LVCMOS33             |       | 8        | SLOW    |              |          | 0 / 0    | 3STATE           |
| LCD_DB<2>                          | IOB              | OUTPUT    | LVCMOS33             |       | 8        | SLOW    |              |          | 0 / 0    | 3STATE           |
| LCD_DB<3>                          | IOB              | OUTPUT    | LVCMOS33             |       | 8        | SLOW    |              |          | 0 / 0    | 3STATE           |
| LCD_DB<4>                          | IOB              | OUTPUT    | LVCMOS33             |       | 8        | SLOW    |              |          | 0 / 0    | 3STATE           |
| LCD_DB<5>                          | IOB              | OUTPUT    | LVCMOS33             |       | 8        | SLOW    |              |          | 0 / 0    | 3STATE           |
| LCD_DB<6>                          | IOB              | OUTPUT    | LVCMOS33             |       | 8        | SLOW    |              |          | 0 / 0    | 3STATE           |
| LCD_DB<7>                          | IOB              | OUTPUT    | LVCMOS33             |       | 8        | SLOW    |              |          | 0 / 0    | 3STATE           |
| LCD_E                              | IOB              | OUTPUT    | LVCMOS33             |       | 8        | SLOW    |              |          | 0 / 0    | 3STATE           |
| LCD_RS                             | IOB              | OUTPUT    | LVCMOS33             |       | 8        | SLOW    |              |          | 0 / 0    | 3STATE           |
| LCD_RW                             | IOB              | OUTPUT    | LVCMOS33             |       | 8        | SLOW    |              |          | 0 / 0    | 3STATE           |
| clk                                | IBUF             | INPUT     | LVCMOS33             |       |          |         |              |          | 0 / 0    |                  |
| execute_key                        | IBUF             | INPUT     | LVCMOS33             |       |          |         |              | PULLDOWN | 0 / 0    |                  |
| load_key                           | IBUF             | INPUT     | LVCMOS33             |       |          |         |              | PULLDOWN | 0 / 0    |                  |
| next                               | IBUF             | INPUT     | LVCMOS33             |       |          |         |              | PULLDOWN | 0 / 0    |                  |
| ps2c                               | IBUF             | INPUT     | LVCMOS33             |       |          |         |              |          | 0 / 0    |                  |
| ps2d                               | IBUF             | INPUT     | LVCMOS33             |       |          |         |              |          | 0 / 0    |                  |
| reset                              | IBUF             | INPUT     | LVCMOS33             |       |          |         |              | PULLDOWN | 0 / 0    |                  |
+-------------------------------------------------------------------------------------------------------------------------------------------------------------------------------+

Section 7 - RPMs
----------------

Section 8 - Guide Report
------------------------
Guide not run on this design.

Section 9 - Area Group and Partition Summary
--------------------------------------------

Partition Implementation Status
-------------------------------

  No Partitions were found in this design.

-------------------------------

Area Group Information
----------------------

  No area groups were found in this design.

----------------------

Section 10 - Timing Report
--------------------------
This design was not run using timing mode.

Section 11 - Configuration String Details
-----------------------------------------
Use the "-detail" map option to print out Configuration Strings

Section 12 - Control Set Information
------------------------------------
No control set information for this architecture.

Section 13 - Utilization by Hierarchy
-------------------------------------
Use the "-detail" map option to print out the Utilization by Hierarchy section.
